[2025-11-21 02:50:37]["type": "Error", "message": "Error: Could not retrieve data from the server.", "file": "C:\xampp\htdocs\pgrs-g6\admin"]
[2025-11-21 02:50:48]["type": "Error", "message": "Error: Could not retrieve data from the server.", "file": "C:\xampp\htdocs\pgrs-g6\admin"]
[2025-11-21 02:50:57]["type": "Error", "message": "Error: Could not retrieve data from the server.", "file": "C:\xampp\htdocs\pgrs-g6\admin"]
[2025-11-21 02:50:59]["type": "Error", "message": "Error: Could not retrieve data from the server.", "file": "C:\xampp\htdocs\pgrs-g6\admin"]
[2025-11-21 02:51:03]["type": "Error", "message": "Error: Could not retrieve data from the server.", "file": "C:\xampp\htdocs\pgrs-g6\admin"]
[2025-11-21 03:03:04]["type": "Error", "message": "Error: Failed to decode JSON. JSON Error: Syntax error", "file": "C:\xampp\htdocs\pgrs-g6\admin"]
[2025-11-21 03:03:32]["type": "Error", "message": "Error: Failed to decode JSON. JSON Error: Syntax error", "file": "C:\xampp\htdocs\pgrs-g6\admin"]
[2025-11-21 03:03:48]["type": "Error", "message": "Error: Failed to decode JSON. JSON Error: Syntax error", "file": "C:\xampp\htdocs\pgrs-g6\admin"]
[2025-11-21 03:04:01]["type": "Error", "message": "Error: Failed to decode JSON. JSON Error: Syntax error", "file": "C:\xampp\htdocs\pgrs-g6\admin"]
[2025-11-21 03:04:10]["type": "Error", "message": "Error: Failed to decode JSON. JSON Error: Syntax error", "file": "C:\xampp\htdocs\pgrs-g6\admin"]
[2025-11-21 04:07:49]["type": "Error", "message": "Error: Could not retrieve data from the server.", "file": "C:\xampp\htdocs\My report system\admin"]
[2025-11-21 04:07:52]["type": "Error", "message": "Error: Could not retrieve data from the server.", "file": "C:\xampp\htdocs\My report system\admin"]
[2025-11-21 04:07:54]["type": "Error", "message": "Error: Could not retrieve data from the server.", "file": "C:\xampp\htdocs\My report system\admin"]
[2025-11-21 04:21:04]["type": "Error", "message": "Error: Could not retrieve data from the server.", "file": "C:\xampp\htdocs\My report system\admin"]
[2025-11-21 04:27:26]["type": "Error", "message": "Error: Could not retrieve data from the server.", "file": "C:\xampp\htdocs\My report system\admin"]
[2025-11-21 04:27:29]["type": "Error", "message": "Error: Could not retrieve data from the server.", "file": "C:\xampp\htdocs\My report system\admin"]
[2025-11-21 04:27:39]["type": "Error", "message": "Error: Could not retrieve data from the server.", "file": "C:\xampp\htdocs\My report system\admin"]
[2025-11-21 04:27:44]["type": "Error", "message": "Error: Could not retrieve data from the server.", "file": "C:\xampp\htdocs\My report system\admin"]
[2025-11-21 04:27:51]["type": "Error", "message": "Error: Could not retrieve data from the server.", "file": "C:\xampp\htdocs\My report system\admin"]
[2025-11-21 04:27:59]["type": "Error", "message": "Error: Could not retrieve data from the server.", "file": "C:\xampp\htdocs\My report system\admin"]
[2025-11-21 04:28:03]["type": "Error", "message": "Error: Could not retrieve data from the server.", "file": "C:\xampp\htdocs\My report system\admin"]
[2025-11-21 04:28:17]["type": "Error", "message": "Error: Could not retrieve data from the server.", "file": "C:\xampp\htdocs\My report system\admin"]
[2025-11-21 04:28:32]["type": "Error", "message": "Error: Could not retrieve data from the server.", "file": "C:\xampp\htdocs\My report system\admin"]
[2025-11-21 04:28:34]["type": "Error", "message": "Error: Could not retrieve data from the server.", "file": "C:\xampp\htdocs\My report system\admin"]
[2025-11-21 04:28:56]["type": "Error", "message": "Error: Could not retrieve data from the server.", "file": "C:\xampp\htdocs\My report system\admin"]
[2025-11-21 04:29:04]["type": "Error", "message": "Error: Could not retrieve data from the server.", "file": "C:\xampp\htdocs\My report system\admin"]
[2025-11-21 04:29:06]["type": "Error", "message": "Error: Could not retrieve data from the server.", "file": "C:\xampp\htdocs\My report system\admin"]
[2025-11-21 04:49:47]["type": "Error", "message": "Error: Could not retrieve data from the server.", "file": "C:\xampp\htdocs\My report system\admin"]
[2025-11-21 04:52:32]["type": "Error", "message": "Error: Could not retrieve data from the server.", "file": "C:\xampp\htdocs\My report system\admin"]
[2025-11-21 04:52:37]["type": "Error", "message": "Error: Could not retrieve data from the server.", "file": "C:\xampp\htdocs\My report system\admin"]
[2025-11-21 04:52:39]["type": "Error", "message": "Error: Could not retrieve data from the server.", "file": "C:\xampp\htdocs\My report system\admin"]
[2025-11-21 05:02:48]["type": "Error", "message": "Error: Could not retrieve data from the server.", "file": "C:\xampp\htdocs\My report system\admin"]
[2025-11-21 05:03:04]["type": "Error", "message": "Error: Could not retrieve data from the server.", "file": "C:\xampp\htdocs\My report system\admin"]
[2025-11-21 05:06:49]["type": "Error", "message": "Error: Could not retrieve data from the server.", "file": "C:\xampp\htdocs\My report system\admin"]
[2025-11-21 05:06:53]["type": "Error", "message": "Error: Could not retrieve data from the server.", "file": "C:\xampp\htdocs\My report system\admin"]
[2025-11-21 05:06:53]["type": "Error", "message": "Error: Could not retrieve data from the server.", "file": "C:\xampp\htdocs\My report system\admin"]
[2025-11-21 05:06:54]["type": "Error", "message": "Error: Could not retrieve data from the server.", "file": "C:\xampp\htdocs\My report system\admin"]
[2025-11-21 05:09:36]["type": "Error", "message": "Error: Could not retrieve data from the server.", "file": "C:\xampp\htdocs\My report system\admin"]
[2025-11-21 05:09:41]["type": "Error", "message": "Error: Could not retrieve data from the server.", "file": "C:\xampp\htdocs\My report system\admin"]
[2025-11-21 05:16:05]["type": "Error", "message": "Error: Could not retrieve data from the server.", "file": "C:\xampp\htdocs\My report system\admin"]
[2025-11-21 05:19:13]["type": "Error", "message": "Error: Could not retrieve data from the server.", "file": "C:\xampp\htdocs\My report system\admin"]
[2025-11-21 05:19:37]["type": "Error", "message": "Error: Could not retrieve data from the server.", "file": "C:\xampp\htdocs\My report system\admin"]
[2025-11-21 05:19:59]["type": "Error", "message": "Error: Could not retrieve data from the server.", "file": "C:\xampp\htdocs\My report system\admin"]
[2025-11-21 05:20:03]["type": "Error", "message": "Error: Could not retrieve data from the server.", "file": "C:\xampp\htdocs\My report system\admin"]
[2025-11-21 05:24:40]["type": "Error", "message": "Error: Could not retrieve data from the server.", "file": "C:\xampp\htdocs\My report system\admin"]
[2025-11-21 05:24:45]["type": "Error", "message": "Error: Could not retrieve data from the server.", "file": "C:\xampp\htdocs\My report system\admin"]
[2025-11-21 05:24:51]["type": "Error", "message": "Error: Could not retrieve data from the server.", "file": "C:\xampp\htdocs\My report system\admin"]
[2025-11-21 05:25:43]["type": "Error", "message": "Error: Could not retrieve data from the server.", "file": "C:\xampp\htdocs\My report system\admin"]
[2025-11-21 08:35:50]["type": "Error", "message": "Error: Could not retrieve data from the server.", "file": "C:\xampp\htdocs\pgrs-g6\admin"]
[2025-11-21 08:35:53]["type": "Error", "message": "Error: Could not retrieve data from the server.", "file": "C:\xampp\htdocs\pgrs-g6\admin"]
[2025-11-21 08:36:52]["type": "Error", "message": "Error: Could not retrieve data from the server.", "file": "C:\xampp\htdocs\pgrs-g6\admin"]
[2025-11-21 08:37:32]["type": "Error", "message": "Error: Could not retrieve data from the server.", "file": "C:\xampp\htdocs\pgrs-g6\admin"]
[2025-11-21 08:37:59]["type": "Error", "message": "Error: Could not retrieve data from the server.", "file": "C:\xampp\htdocs\pgrs-g6\admin"]
[2025-11-21 08:38:22]["type": "Error", "message": "Error: Could not retrieve data from the server.", "file": "C:\xampp\htdocs\pgrs-g6\admin"]
[2025-11-21 08:38:51]["type": "Error", "message": "Error: Could not retrieve data from the server.", "file": "C:\xampp\htdocs\pgrs-g6\admin"]
[2025-11-21 08:42:12]["type": "Error", "message": "Error: Could not retrieve data from the server.", "file": "C:\xampp\htdocs\pgrs-g6\admin"]
[2025-11-21 08:44:16]["type": "Error", "message": "Error: Could not retrieve data from the server.", "file": "C:\xampp\htdocs\pgrs-g6\admin"]
[2025-11-21 08:44:38]["type": "Error", "message": "Error: Could not retrieve data from the server.", "file": "C:\xampp\htdocs\pgrs-g6\admin"]
[2025-11-21 08:44:44]["type": "Error", "message": "Error: Could not retrieve data from the server.", "file": "C:\xampp\htdocs\pgrs-g6\admin"]
[2025-11-21 08:44:56]["type": "Error", "message": "Error: Could not retrieve data from the server.", "file": "C:\xampp\htdocs\pgrs-g6\admin"]
[2025-11-21 08:45:12]["type": "Error", "message": "Error: Could not retrieve data from the server.", "file": "C:\xampp\htdocs\pgrs-g6\admin"]
[2025-11-21 08:46:15]["type": "Error", "message": "Error: 404, Could not retrieve data from the server. ", "file": "C:\xampp\htdocs\pgrs-g6\admin"]
[2025-11-21 08:46:23]["type": "Error", "message": "Error: 404 Could not retrieve data from the server. ", "file": "C:\xampp\htdocs\pgrs-g6\admin"]
[2025-11-21 08:46:28]["type": "Error", "message": "Error: 404 Could not retrieve data from the server. ", "file": "C:\xampp\htdocs\pgrs-g6\admin"]
[2025-11-21 08:46:31]["type": "Error", "message": "Error: 404! Could not retrieve data from the server. ", "file": "C:\xampp\htdocs\pgrs-g6\admin"]
[2025-11-21 08:46:35]["type": "Error", "message": "Error: 404, Could not retrieve data from the server. ", "file": "C:\xampp\htdocs\pgrs-g6\admin"]
